\BOOKMARK [1][-]{section.1}{Propositional Logic}{}% 1
\BOOKMARK [2][-]{subsection.1.1}{We can compose them}{section.1}% 2
\BOOKMARK [2][-]{subsection.1.2}{Connectors \(functions on propositions\)}{section.1}% 3
\BOOKMARK [3][-]{subsubsection.1.2.1}{Negation \(\)}{subsection.1.2}% 4
\BOOKMARK [3][-]{subsubsection.1.2.2}{Or \(\)}{subsection.1.2}% 5
\BOOKMARK [3][-]{subsubsection.1.2.3}{And \(\)}{subsection.1.2}% 6
\BOOKMARK [2][-]{subsection.1.3}{Implication}{section.1}% 7
\BOOKMARK [2][-]{subsection.1.4}{Equivalence}{section.1}% 8
\BOOKMARK [2][-]{subsection.1.5}{Rules for Computing}{section.1}% 9
\BOOKMARK [3][-]{subsubsection.1.5.1}{Distibutive Laws}{subsection.1.5}% 10
\BOOKMARK [3][-]{subsubsection.1.5.2}{Associative Laws}{subsection.1.5}% 11
\BOOKMARK [3][-]{subsubsection.1.5.3}{De Morgan's Laws}{subsection.1.5}% 12
\BOOKMARK [3][-]{subsubsection.1.5.4}{Transitivity}{subsection.1.5}% 13
\BOOKMARK [2][-]{subsection.1.6}{Notation}{section.1}% 14
\BOOKMARK [2][-]{subsection.1.7}{Logical Concepts}{section.1}% 15
\BOOKMARK [3][-]{subsubsection.1.7.1}{Logical Truth}{subsection.1.7}% 16
\BOOKMARK [3][-]{subsubsection.1.7.2}{Logical Contradiction}{subsection.1.7}% 17
\BOOKMARK [3][-]{subsubsection.1.7.3}{Law of Logically True Conjunct}{subsection.1.7}% 18
\BOOKMARK [3][-]{subsubsection.1.7.4}{Law of Contradictory Disjunct}{subsection.1.7}% 19
\BOOKMARK [3][-]{subsubsection.1.7.5}{Disjunctive Normal Form}{subsection.1.7}% 20
\BOOKMARK [3][-]{subsubsection.1.7.6}{Expressive Completeness}{subsection.1.7}% 21
\BOOKMARK [3][-]{subsubsection.1.7.7}{Logically Valid vs Logically Sound}{subsection.1.7}% 22
\BOOKMARK [2][-]{subsection.1.8}{Proof Techniques \(basic ones\)}{section.1}% 23
\BOOKMARK [1][-]{section.2}{Vector space}{}% 24
\BOOKMARK [2][-]{subsection.2.1}{Field}{section.2}% 25
\BOOKMARK [2][-]{subsection.2.2}{Vector space}{section.2}% 26
\BOOKMARK [2][-]{subsection.2.3}{Example of a vector space: tuples of scalars}{section.2}% 27
\BOOKMARK [3][-]{subsubsection.2.3.1}{Adding n-tuples}{subsection.2.3}% 28
\BOOKMARK [3][-]{subsubsection.2.3.2}{Multiplying n-tuples with a scalar}{subsection.2.3}% 29
\BOOKMARK [2][-]{subsection.2.4}{Another example of vector space: Matrices}{section.2}% 30
\BOOKMARK [3][-]{subsubsection.2.4.1}{Caveat: How do we define A = B?}{subsection.2.4}% 31
\BOOKMARK [3][-]{subsubsection.2.4.2}{Rules for matrices}{subsection.2.4}% 32
\BOOKMARK [2][-]{subsection.2.5}{Hey, functions can be vector spaces too.}{section.2}% 33
\BOOKMARK [3][-]{subsubsection.2.5.1}{Equality}{subsection.2.5}% 34
\BOOKMARK [3][-]{subsubsection.2.5.2}{Operations}{subsection.2.5}% 35
\BOOKMARK [2][-]{subsection.2.6}{How can be abstract and generalize this idea of a vector space?}{section.2}% 36
\BOOKMARK [2][-]{subsection.2.7}{Subspaces}{section.2}% 37
\BOOKMARK [3][-]{subsubsection.2.7.1}{Conditions to be subspace \(ie vector space\)}{subsection.2.7}% 38
